2022-11-22 16:35:25,668 : INFO : test_Education : print 1st two course
2022-11-22 16:46:40,855 : INFO : test_Education : print 1st two course
2022-11-22 16:51:33,343 : INFO : test_Education : print 1st two course
2022-11-22 16:53:14,914 : INFO : test_Education : print 1st two course
2022-11-22 17:15:50,453 : INFO : test_Education : print 1st two course
2022-11-22 17:18:00,181 : INFO : test_Education : print 1st two course
2022-11-22 17:20:35,320 : INFO : test_Education : print 1st two course
2022-11-22 17:24:25,355 : INFO : test_Education : print 1st two course
2022-11-22 17:27:47,864 : INFO : test_Education : print 1st two course
2022-11-22 17:27:49,061 : INFO : test_Education : searchw
2022-11-22 17:32:11,524 : INFO : test_Education : print 1st two course
2022-11-22 17:32:11,886 : INFO : test_Education : searchw
2022-11-22 17:34:59,391 : INFO : test_Education : print 1st two course
2022-11-22 17:34:59,693 : INFO : test_Education : searchw
2022-11-22 17:59:49,627 : INFO : test_Education : print 1st two course
2022-11-22 17:59:55,431 : INFO : test_Education : searchw
2022-11-22 18:13:47,544 : INFO : test_Education : print 1st two course
2022-11-22 18:13:50,122 : INFO : test_Education : searchw
2022-11-22 18:16:54,212 : INFO : test_Education : print 1st two course
2022-11-22 18:16:54,526 : INFO : test_Education : searchw
2022-11-22 18:44:06,561 : INFO : test_Education : print 1st two course
2022-11-22 18:44:07,070 : INFO : test_Education : searchw
2022-11-22 18:49:33,065 : INFO : test_Education : print 1st two course
2022-11-22 18:49:36,422 : INFO : test_Education : searchw
2022-11-22 18:51:45,408 : INFO : test_Education : print 1st two course
2022-11-22 18:51:45,774 : INFO : test_Education : searchw
2022-11-22 18:58:52,217 : INFO : test_Education : print 1st two course
2022-11-22 18:58:53,163 : INFO : test_Education : searchw
2022-11-22 19:00:41,671 : INFO : test_Education : print 1st two course
2022-11-22 19:00:44,031 : INFO : test_Education : searchw
2022-11-22 19:02:22,219 : INFO : test_Education : print 1st two course
2022-11-22 19:02:22,420 : INFO : test_Education : searchw
2022-11-22 19:03:21,927 : INFO : test_Education : print 1st two course
2022-11-22 19:03:22,315 : INFO : test_Education : searchw
2022-11-22 19:11:45,863 : INFO : test_Education : print 1st two course
2022-11-22 19:11:46,096 : INFO : test_Education : searchw
2022-11-22 19:15:44,727 : INFO : test_Education : print 1st two course
2022-11-22 19:15:45,476 : INFO : test_Education : searchw
2022-11-22 20:31:27,246 : INFO : test_Education : print 1st two course
2022-11-22 20:31:29,050 : INFO : test_Education : searchw
2022-11-22 20:32:47,478 : INFO : test_Education : print 1st two course
2022-11-22 20:32:47,621 : INFO : test_Education : searchw
2022-11-22 20:35:42,434 : INFO : test_Education : print 1st two course
2022-11-22 20:35:43,548 : INFO : test_Education : searchw
2022-11-22 20:36:32,267 : INFO : test_Education : print 1st two course
2022-11-22 20:36:32,595 : INFO : test_Education : searchw
2022-11-22 20:37:10,272 : INFO : test_Education : print 1st two course
2022-11-22 20:37:10,636 : INFO : test_Education : searchw
2022-11-22 20:39:14,528 : INFO : test_Education : print 1st two course
2022-11-22 20:39:14,998 : INFO : test_Education : searchw
2022-11-22 20:40:04,309 : INFO : test_Education : print 1st two course
2022-11-22 20:40:04,564 : INFO : test_Education : searchw
2022-11-22 20:41:43,257 : INFO : test_Education : print 1st two course
2022-11-22 20:41:44,032 : INFO : test_Education : searchw
2022-11-22 20:44:10,471 : INFO : test_Education : Information statement
2022-11-22 20:44:10,480 : WARNING : test_Education : something is in warning mode
2022-11-22 20:44:10,480 : ERROR : test_Education : A major error has happening
2022-11-22 20:44:10,481 : CRITICAL : test_Education : critical issue
2022-11-22 20:44:10,481 : INFO : test_Education : print 1st two course
2022-11-22 20:44:11,142 : INFO : test_Education : searchw
2022-11-22 20:46:00,375 : INFO : test_Education : Information statement
2022-11-22 20:46:00,376 : WARNING : test_Education : something is in warning mode
2022-11-22 20:46:00,376 : ERROR : test_Education : A major error has happening
2022-11-22 20:46:00,376 : CRITICAL : test_Education : critical issue
2022-11-22 20:46:00,376 : INFO : test_Education : print 1st two course
2022-11-22 20:46:00,692 : INFO : test_Education : w
2022-11-22 20:47:18,924 : INFO : test_Education : Information statement
2022-11-22 20:47:18,950 : WARNING : test_Education : something is in warning mode
2022-11-22 20:47:18,950 : ERROR : test_Education : A major error has happening
2022-11-22 20:47:18,950 : CRITICAL : test_Education : critical issue
2022-11-22 20:47:18,951 : INFO : test_Education : print 1st two course
2022-11-22 20:47:19,677 : INFO : test_Education : w
2022-11-22 20:49:25,030 : INFO : test_Education : Information statement
2022-11-22 20:49:25,078 : WARNING : test_Education : something is in warning mode
2022-11-22 20:49:25,078 : ERROR : test_Education : A major error has happening
2022-11-22 20:49:25,078 : CRITICAL : test_Education : critical issue
2022-11-22 20:49:25,078 : INFO : test_Education : print 1st two course
2022-11-22 20:49:30,743 : INFO : test_Education : search w
2022-11-22 20:50:15,230 : INFO : test_Education : Information statement
2022-11-22 20:50:15,233 : WARNING : test_Education : something is in warning mode
2022-11-22 20:50:15,233 : ERROR : test_Education : A major error has happening
2022-11-22 20:50:15,233 : CRITICAL : test_Education : critical issue
2022-11-22 20:50:15,233 : INFO : test_Education : print 1st two course
2022-11-22 20:50:15,907 : INFO : test_Education : search w
2022-11-22 20:51:37,471 : INFO : test_Education : Information statement
2022-11-22 20:51:37,471 : WARNING : test_Education : something is in warning mode
2022-11-22 20:51:37,473 : ERROR : test_Education : A major error has happening
2022-11-22 20:51:37,473 : CRITICAL : test_Education : critical issue
2022-11-22 20:51:37,473 : INFO : test_Education : print 1st two course
2022-11-22 20:51:37,753 : INFO : test_Education : searchw
2022-11-22 20:59:00,192 : INFO : test_Education : Information statement
2022-11-22 20:59:00,199 : WARNING : test_Education : something is in warning mode
2022-11-22 20:59:00,199 : ERROR : test_Education : A major error has happening
2022-11-22 20:59:00,200 : CRITICAL : test_Education : critical issue
2022-11-22 20:59:00,200 : INFO : test_Education : print 1st two course
2022-11-22 20:59:00,617 : INFO : test_Education : searchw
2022-11-22 20:59:52,514 : INFO : test_Education : Information statement
2022-11-22 20:59:52,514 : WARNING : test_Education : something is in warning mode
2022-11-22 20:59:52,515 : ERROR : test_Education : A major error has happening
2022-11-22 20:59:52,515 : CRITICAL : test_Education : critical issue
2022-11-22 20:59:52,515 : INFO : test_Education : print 1st two course
2022-11-22 20:59:52,886 : INFO : test_Education : searchw
2022-11-22 21:00:58,650 : INFO : test_Education : Information statement
2022-11-22 21:00:58,749 : WARNING : test_Education : something is in warning mode
2022-11-22 21:00:58,749 : ERROR : test_Education : A major error has happening
2022-11-22 21:00:58,750 : CRITICAL : test_Education : critical issue
2022-11-22 21:00:58,750 : INFO : test_Education : print 1st two course
2022-11-22 21:00:59,356 : INFO : test_Education : searchw
2022-11-22 21:03:07,122 : INFO : test_Education : Information statement
2022-11-22 21:03:07,153 : WARNING : test_Education : something is in warning mode
2022-11-22 21:03:07,153 : ERROR : test_Education : A major error has happening
2022-11-22 21:03:07,153 : CRITICAL : test_Education : critical issue
2022-11-22 21:03:07,153 : INFO : test_Education : print 1st two course
2022-11-22 21:03:09,780 : INFO : test_Education : searchw
2022-11-22 21:04:07,719 : INFO : test_Education : Information statement
2022-11-22 21:04:07,720 : WARNING : test_Education : something is in warning mode
2022-11-22 21:04:07,720 : ERROR : test_Education : A major error has happening
2022-11-22 21:04:07,721 : CRITICAL : test_Education : critical issue
2022-11-22 21:04:07,721 : INFO : test_Education : print 1st two course
2022-11-22 21:04:07,911 : INFO : test_Education : searchw
2022-11-22 21:08:37,881 : INFO : test_Education : Information statement
2022-11-22 21:08:37,882 : WARNING : test_Education : something is in warning mode
2022-11-22 21:08:37,882 : ERROR : test_Education : A major error has happening
2022-11-22 21:08:37,883 : CRITICAL : test_Education : critical issue
2022-11-22 21:08:37,883 : INFO : test_Education : print 1st two course
2022-11-22 21:08:38,774 : INFO : test_Education : searchw
2022-11-22 21:10:37,594 : INFO : test_Education : Information statement
2022-11-22 21:10:37,604 : WARNING : test_Education : something is in warning mode
2022-11-22 21:10:37,604 : ERROR : test_Education : A major error has happening
2022-11-22 21:10:37,605 : CRITICAL : test_Education : critical issue
2022-11-22 21:10:37,605 : INFO : test_Education : print 1st two course
2022-11-22 21:10:38,704 : INFO : test_Education : searchw
2022-11-22 21:12:13,078 : INFO : test_Education : Information statement
2022-11-22 21:12:13,078 : WARNING : test_Education : something is in warning mode
2022-11-22 21:12:13,079 : ERROR : test_Education : A major error has happening
2022-11-22 21:12:13,079 : CRITICAL : test_Education : critical issue
2022-11-22 21:12:13,079 : INFO : test_Education : print 1st two course
2022-11-22 21:18:14,475 : INFO : test_Education : Information statement
2022-11-22 21:18:14,489 : WARNING : test_Education : something is in warning mode
2022-11-22 21:18:14,490 : ERROR : test_Education : A major error has happening
2022-11-22 21:18:14,491 : CRITICAL : test_Education : critical issue
2022-11-22 21:18:14,491 : INFO : test_Education : print 1st two course
2022-11-22 21:20:07,576 : INFO : test_Education : print 1st two course
2022-11-22 21:23:23,695 : INFO : test_Education : print 1st two course
2022-11-22 21:24:11,580 : INFO : test_Education : print 1st two course
2022-11-22 21:25:12,708 : INFO : test_Education : print 1st two course
2022-11-23 11:47:23,578 : INFO : test_Education : print 1st two course
2022-11-23 12:40:45,231 : INFO : test_Education : print 1st two course
2022-11-23 12:42:09,853 : INFO : test_Education : print 1st two course
2022-11-23 12:48:56,898 : INFO : test_Education : print 1st two course
2022-11-23 12:57:28,450 : INFO : test_Education : print 1st two course
2022-11-23 13:47:50,408 : INFO : test_Education : print 1st two course
2022-11-23 13:56:04,378 : INFO : test_Education : print 1st two course
2022-11-23 13:57:23,628 : INFO : test_Education : print 1st two course
2022-11-23 13:59:22,928 : INFO : test_Education : print 1st two course
2022-11-23 14:00:36,959 : INFO : test_Education : print 1st two course
2022-11-23 14:53:24,835 : INFO : test_Education : print 1st two course
2022-11-23 14:57:16,669 : INFO : test_Education : print 1st two course
2022-11-23 15:02:01,272 : INFO : test_Education : print 1st two course
2022-11-23 15:04:15,036 : INFO : test_Education : print 1st two course
2022-11-23 15:10:50,068 : INFO : test_Education : print 1st two course
2022-11-23 15:15:12,788 : INFO : test_Education : print 1st two course
2022-11-23 15:17:07,418 : INFO : test_Education : print 1st two course
2022-11-23 15:19:01,257 : INFO : test_Education : print 1st two course
2022-11-23 15:21:44,290 : INFO : test_Education : print 1st two course
2022-11-23 15:26:04,745 : INFO : test_Education : print 1st two course
2022-11-23 16:02:43,562 : INFO : test_Education : print 1st two course
2022-11-23 19:41:52,251 : INFO : test_Education : print 1st two course
2022-11-23 19:49:25,808 : INFO : test_Education : print 1st two course
2022-11-23 19:52:41,361 : INFO : test_Education : print 1st two course
2022-11-23 19:56:19,155 : INFO : test_Education : print 1st two course
2022-11-23 20:00:52,513 : INFO : test_Education : print 1st two course
2022-11-23 20:13:49,238 : INFO : test_Education : print 1st two course
2022-11-23 20:21:32,881 : INFO : test_Education : print 1st two course
2022-11-23 20:29:11,253 : INFO : test_Education : print 1st two course
2022-11-23 20:30:28,024 : INFO : test_Education : print 1st two course
2022-11-23 20:34:36,472 : INFO : test_Education : print 1st two course
2022-11-23 20:35:26,801 : INFO : test_Education : print 1st two course
2022-11-23 20:37:52,379 : INFO : test_Education : print 1st two course
2022-11-23 20:42:19,268 : INFO : test_Education : print 1st two course
2022-11-23 20:45:23,309 : INFO : test_Education : print 1st two course
2022-11-23 20:49:01,135 : INFO : test_Education : print 1st two course
2022-11-23 20:53:07,951 : INFO : test_Education : print 1st two course
2022-11-23 20:55:13,058 : INFO : test_Education : print 1st two course
2022-11-23 20:59:55,139 : INFO : test_Education : print 1st two course
2022-11-23 21:07:03,467 : INFO : test_Education : print 1st two course
2022-11-23 21:10:38,175 : INFO : test_Education : print 1st two course
2022-11-23 21:21:26,454 : INFO : test_Education : print 1st two course
2022-11-24 10:29:52,515 : INFO : test_Education : print 1st two course
2022-11-24 10:32:33,849 : INFO : test_Education : print 1st two course
2022-11-24 10:34:52,939 : INFO : test_Education : print 1st two course
2022-11-24 10:39:09,784 : INFO : test_Education : print 1st two course
2022-11-24 10:44:29,723 : INFO : test_Education : print 1st two course
2022-11-24 10:47:02,520 : INFO : test_Education : print 1st two course
2022-11-24 10:50:05,181 : INFO : test_Education : print 1st two course
2022-11-24 10:57:56,326 : INFO : test_Education : print 1st two course
2022-11-24 11:04:30,297 : INFO : test_Education : print 1st two course
2022-11-24 11:11:42,111 : INFO : test_Education : print 1st two course
2022-11-24 11:14:10,821 : INFO : test_Education : print 1st two course
2022-11-24 11:17:51,979 : INFO : test_Education : print 1st two course
2022-11-24 11:21:25,909 : INFO : test_Education : print 1st two course
2022-11-24 11:24:00,388 : INFO : test_Education : print 1st two course
2022-11-24 11:28:12,714 : INFO : test_Education : print 1st two course
2022-11-24 11:30:06,786 : INFO : test_Education : print 1st two course
2022-11-24 12:28:56,423 : INFO : test_Education : print 1st two course
2022-11-24 12:31:17,423 : INFO : test_Education : print 1st two course
2022-11-24 12:32:31,857 : INFO : test_Education : print 1st two course
2022-11-24 12:34:26,119 : INFO : test_Education : print 1st two course
2022-11-24 12:36:02,340 : INFO : test_Education : print 1st two course
2022-11-25 15:10:17,705 : INFO : test_Education : print 1st two course
2022-11-25 15:36:33,308 : INFO : test_Education : print 1st two course
2022-11-25 16:50:10,053 : INFO : test_Education : print 1st two course
2022-11-25 17:48:20,401 : INFO : test_Education : print 1st two course
2022-11-25 17:55:07,208 : INFO : test_Education : print 1st two course
2022-11-25 17:58:41,605 : INFO : test_Education : print 1st two course
2022-11-25 18:03:14,016 : INFO : test_Education : print 1st two course
2022-11-27 23:48:53,192 : INFO : test_Education : print 1st two course
2022-11-28 00:14:53,537 : INFO : test_Education : print 1st two course
2022-11-28 00:20:55,747 : INFO : test_Education : print 1st two course
2022-11-28 11:33:59,815 : INFO : test_Education : print 1st two course
2022-11-28 11:43:12,655 : INFO : test_Education : print 1st two course
2022-11-28 12:53:24,998 : INFO : test_Education : print 1st two course
2022-11-29 11:08:30,581 : INFO : test_Education : print 1st two course
2022-11-29 11:15:53,869 : INFO : test_Education : print 1st two course
2022-11-29 11:35:50,903 : INFO : test_Education : print 1st two course
2022-11-29 11:43:04,387 : INFO : test_Education : print 1st two course
2022-11-29 14:50:57,544 : INFO : test_Education : print 1st two course
2022-11-29 15:49:26,868 : INFO : test_Education : print 1st two course
2022-11-29 15:54:32,025 : INFO : test_Education : print 1st two course
2022-11-29 15:57:51,986 : INFO : test_Education : print 1st two course
2022-11-30 13:18:41,130 : INFO : test_Education : print 1st two course
2022-11-30 13:28:47,071 : INFO : test_Education : print 1st two course
2022-11-30 13:31:50,239 : INFO : test_Education : print 1st two course
2022-11-30 13:32:42,115 : INFO : test_Education : print 1st two course
2022-11-30 13:38:58,494 : INFO : test_Education : print 1st two course
2022-11-30 13:59:35,022 : INFO : test_Education : print 1st two course
2022-11-30 14:03:15,347 : INFO : test_Education : print 1st two course
2022-11-30 14:05:38,243 : INFO : test_Education : print 1st two course
2022-11-30 14:11:25,058 : INFO : test_Education : print 1st two course
2022-11-30 15:14:06,066 : INFO : test_Education : print 1st two course
2022-11-30 15:16:01,467 : INFO : test_Education : print 1st two course
2022-11-30 15:16:51,274 : INFO : test_Education : print 1st two course
2022-11-30 15:21:03,281 : INFO : test_Education : print 1st two course
2022-11-30 15:28:25,614 : INFO : test_Education : print 1st two course
2022-11-30 15:34:02,894 : INFO : test_Education : print 1st two course
2022-11-30 15:51:17,156 : INFO : test_Education : print 1st two course
2022-11-30 15:55:45,331 : INFO : test_Education : print 1st two course
2022-11-30 15:58:02,148 : INFO : test_Education : print 1st two course
2022-11-30 16:02:07,821 : INFO : test_Education : print 1st two course
2022-11-30 16:06:42,187 : INFO : test_Education : print 1st two course
2022-11-30 16:25:38,442 : INFO : test_Education : print 1st two course
2022-11-30 16:35:36,987 : INFO : test_Education : print 1st two course
2022-12-01 11:25:13,929 : INFO : test_Education : print 1st two course
2022-12-01 11:26:50,620 : INFO : test_Education : print 1st two course
2022-12-01 12:07:17,487 : INFO : test_Education : print 1st two course
2022-12-02 11:35:07,931 : INFO : test_Education : print 1st two course
2022-12-02 11:36:32,825 : INFO : test_Education : print 1st two course
2022-12-02 11:53:03,634 : INFO : test_Education : print 1st two course
2022-12-02 11:56:04,230 : INFO : test_Education : print 1st two course
2022-12-02 12:04:35,384 : INFO : test_Education : print 1st two course
2022-12-02 12:07:23,167 : INFO : test_Education : print 1st two course
2022-12-02 12:08:51,215 : INFO : test_Education : print 1st two course
2022-12-02 12:14:11,683 : INFO : test_Education : print 1st two course
2022-12-02 12:16:57,280 : INFO : test_Education : print 1st two course
2022-12-02 12:19:07,497 : INFO : test_Education : print 1st two course
2022-12-02 12:20:40,438 : INFO : test_Education : print 1st two course
2022-12-02 12:30:09,993 : INFO : test_Education : print 1st two course
2022-12-02 12:31:19,479 : INFO : test_Education : print 1st two course
2022-12-02 12:32:29,242 : INFO : test_Education : print 1st two course
2022-12-02 12:33:36,760 : INFO : test_Education : print 1st two course
2022-12-02 12:42:58,893 : INFO : test_Education : print 1st two course
2022-12-02 12:45:35,717 : INFO : test_Education : print 1st two course
2022-12-02 12:48:42,775 : INFO : test_Education : print 1st two course
2022-12-02 12:49:24,893 : INFO : test_Education : print 1st two course
2022-12-02 12:50:54,532 : INFO : test_Education : print 1st two course
2022-12-02 13:01:28,814 : INFO : test_Education : print 1st two course
2022-12-02 13:02:31,597 : INFO : test_Education : print 1st two course
2022-12-02 13:03:14,735 : INFO : test_Education : print 1st two course
2022-12-02 13:04:12,303 : INFO : test_Education : print 1st two course
2022-12-02 13:57:13,783 : INFO : test_Education : print 1st two course
2022-12-02 13:59:08,694 : INFO : test_Education : print 1st two course
2022-12-02 14:02:56,078 : INFO : test_Education : print 1st two course
2022-12-02 14:06:19,821 : INFO : test_Education : print 1st two course
2022-12-02 14:08:23,018 : INFO : test_Education : print 1st two course
2022-12-02 14:11:40,840 : INFO : test_Education : print 1st two course
2022-12-02 14:23:01,857 : INFO : test_Education : print 1st two course
2022-12-02 14:25:42,443 : INFO : test_Education : print 1st two course
2022-12-02 14:27:12,168 : INFO : test_Education : print 1st two course
2022-12-02 14:28:05,720 : INFO : test_Education : print 1st two course
2022-12-02 14:30:49,985 : INFO : test_Education : print 1st two course
2022-12-02 14:32:51,358 : INFO : test_Education : print 1st two course
2022-12-02 14:33:39,527 : INFO : test_Education : print 1st two course
2022-12-02 14:35:53,670 : INFO : test_Education : print 1st two course
2022-12-02 14:40:13,231 : INFO : test_Education : print 1st two course
2022-12-02 14:41:49,346 : INFO : test_Education : print 1st two course
2022-12-02 14:43:22,046 : INFO : test_Education : print 1st two course
2022-12-02 14:45:41,022 : INFO : test_Education : print 1st two course
2022-12-02 14:47:18,395 : INFO : test_Education : print 1st two course
2022-12-02 15:19:57,801 : INFO : test_Education : print 1st two course
2022-12-02 15:24:03,890 : INFO : test_Education : print 1st two course
2022-12-02 15:24:41,417 : INFO : test_Education : print 1st two course
2022-12-02 15:25:13,404 : INFO : test_Education : print 1st two course
2022-12-02 15:26:28,819 : INFO : test_Education : print 1st two course
2022-12-02 15:27:37,556 : INFO : test_Education : print 1st two course
2022-12-02 15:28:25,544 : INFO : test_Education : print 1st two course
2022-12-02 15:29:22,953 : INFO : test_Education : print 1st two course
2022-12-02 15:31:12,359 : INFO : test_Education : print 1st two course
2022-12-02 15:32:53,941 : INFO : test_Education : print 1st two course
2022-12-02 15:33:34,727 : INFO : test_Education : print 1st two course
2022-12-02 15:34:04,057 : INFO : test_Education : print 1st two course
2022-12-02 15:34:51,610 : INFO : test_Education : print 1st two course
2022-12-02 15:35:46,285 : INFO : test_Education : print 1st two course
2022-12-02 15:36:20,242 : INFO : test_Education : print 1st two course
2022-12-02 15:42:28,058 : INFO : test_Education : print 1st two course
2022-12-02 15:48:05,607 : INFO : test_Education : print 1st two course
2022-12-02 15:49:08,126 : INFO : test_Education : print 1st two course
2022-12-02 15:49:58,882 : INFO : test_Education : print 1st two course
2022-12-02 15:50:33,421 : INFO : test_Education : print 1st two course
2022-12-02 15:51:25,063 : INFO : test_Education : print 1st two course
2022-12-02 15:51:56,006 : INFO : test_Education : print 1st two course
2022-12-02 15:52:52,065 : INFO : test_Education : print 1st two course
2022-12-02 15:53:45,386 : INFO : test_Education : print 1st two course
2022-12-02 15:54:30,146 : INFO : test_Education : print 1st two course
2022-12-02 15:57:27,050 : INFO : test_Education : print 1st two course
2022-12-02 15:58:34,173 : INFO : test_Education : print 1st two course
2022-12-02 15:59:39,345 : INFO : test_Education : print 1st two course
2022-12-02 16:01:02,662 : INFO : test_Education : print 1st two course
2022-12-02 16:01:37,064 : INFO : test_Education : print 1st two course
2022-12-02 16:02:14,184 : INFO : test_Education : print 1st two course
2022-12-02 17:31:46,216 : INFO : test_Education : print 1st two course
2022-12-02 17:36:22,541 : INFO : test_Education : print 1st two course
2022-12-02 17:38:16,261 : INFO : test_Education : print 1st two course
2022-12-02 17:41:01,803 : INFO : test_Education : print 1st two course
2022-12-02 17:48:46,954 : INFO : test_Education : print 1st two course
2022-12-02 17:50:20,833 : INFO : test_Education : print 1st two course
2022-12-02 17:54:10,071 : INFO : test_Education : print 1st two course
2022-12-02 17:55:42,771 : INFO : test_Education : print 1st two course
2022-12-02 17:56:54,191 : INFO : test_Education : print 1st two course
2022-12-02 18:28:16,839 : INFO : test_Education : print 1st two course
2022-12-02 18:29:52,901 : INFO : test_Education : print 1st two course
2022-12-02 18:30:59,361 : INFO : test_Education : print 1st two course
2022-12-02 18:37:14,269 : INFO : test_Education : print 1st two course
2022-12-02 18:37:51,516 : INFO : test_Education : print 1st two course
2022-12-02 18:57:20,290 : INFO : test_Education : print 1st two course
2022-12-02 18:59:07,634 : INFO : test_Education : print 1st two course
2022-12-02 18:59:42,637 : INFO : test_Education : print 1st two course
2022-12-02 19:01:05,002 : INFO : test_Education : print 1st two course
2022-12-02 19:02:32,733 : INFO : test_Education : print 1st two course
2022-12-02 19:10:35,696 : INFO : test_Education : print 1st two course
2022-12-02 19:13:19,643 : INFO : test_Education : print 1st two course
2022-12-02 19:14:20,290 : INFO : test_Education : print 1st two course
2022-12-02 19:15:07,249 : INFO : test_Education : print 1st two course
2022-12-02 19:37:05,676 : INFO : test_Education : print 1st two course
2022-12-02 19:49:39,341 : INFO : test_Education : print 1st two course
2022-12-02 19:51:14,697 : INFO : test_Education : print 1st two course
2022-12-02 19:53:05,805 : INFO : test_Education : print 1st two course
2022-12-02 19:59:41,913 : INFO : test_Education : print 1st two course
2022-12-02 20:01:35,151 : INFO : test_Education : print 1st two course
2022-12-02 20:03:09,086 : INFO : test_Education : print 1st two course
2022-12-02 20:05:57,092 : INFO : test_Education : print 1st two course
2022-12-02 20:12:04,923 : INFO : test_Education : print 1st two course
2022-12-02 20:15:17,555 : INFO : test_Education : print 1st two course
2022-12-02 20:18:32,143 : INFO : test_Education : print 1st two course
2022-12-02 20:38:53,667 : INFO : test_Education : print 1st two course
2022-12-02 20:45:13,407 : INFO : test_Education : print 1st two course
2022-12-02 20:46:06,509 : INFO : test_Education : print 1st two course
2022-12-02 20:47:13,592 : INFO : test_Education : print 1st two course
2022-12-02 20:50:44,091 : INFO : test_Education : print 1st two course
2022-12-02 20:52:03,064 : INFO : test_Education : print 1st two course
2022-12-02 20:54:17,883 : INFO : test_Education : print 1st two course
2022-12-02 20:56:09,912 : INFO : test_Education : print 1st two course
2022-12-02 20:58:03,736 : INFO : test_Education : print 1st two course
2022-12-02 20:59:18,584 : INFO : test_Education : print 1st two course
2022-12-02 21:00:49,252 : INFO : test_Education : print 1st two course
2022-12-02 21:02:55,209 : INFO : test_Education : print 1st two course
2022-12-02 21:04:42,659 : INFO : test_Education : print 1st two course
2022-12-02 21:05:57,392 : INFO : test_Education : print 1st two course
2022-12-02 21:06:47,130 : INFO : test_Education : print 1st two course
2022-12-02 21:16:48,278 : INFO : test_Education : print 1st two course
2022-12-02 21:18:37,739 : INFO : test_Education : print 1st two course
2022-12-02 21:20:38,841 : INFO : test_Education : print 1st two course
2022-12-02 21:22:46,259 : INFO : test_Education : print 1st two course
2022-12-02 21:31:56,581 : INFO : test_Education : print 1st two course
2022-12-02 21:33:18,405 : INFO : test_Education : print 1st two course
2022-12-05 10:46:44,175 : INFO : test_Education : print 1st two course
2022-12-05 10:49:59,059 : INFO : test_Education : print 1st two course
2022-12-05 10:52:43,080 : INFO : test_Education : print 1st two course
2022-12-05 10:54:01,711 : INFO : test_Education : print 1st two course
2022-12-05 10:55:34,022 : INFO : test_Education : print 1st two course
2022-12-05 11:00:10,112 : INFO : test_Education : print 1st two course
2022-12-05 11:07:32,055 : INFO : test_Education : print 1st two course
2022-12-05 11:27:35,801 : INFO : test_Education : print 1st two course
2022-12-05 11:54:54,084 : INFO : test_Education : print 1st two course
2022-12-05 11:59:23,604 : INFO : test_Education : print 1st two course
2022-12-05 12:01:04,417 : INFO : test_Education : print 1st two course
2022-12-05 12:02:22,522 : INFO : test_Education : print 1st two course
2022-12-05 12:07:01,219 : INFO : test_Education : print 1st two course
2022-12-05 12:15:44,023 : INFO : test_Education : print 1st two course
2022-12-05 12:21:45,694 : INFO : test_Education : print 1st two course
2022-12-05 12:23:11,712 : INFO : test_Education : print 1st two course
2022-12-05 12:26:06,456 : INFO : test_Education : print 1st two course
2022-12-05 12:33:34,294 : INFO : test_Education : print 1st two course
2022-12-05 12:39:35,451 : INFO : test_Education : print 1st two course
2022-12-05 12:42:44,043 : INFO : test_Education : print 1st two course
2022-12-05 12:43:59,102 : INFO : test_Education : print 1st two course
2022-12-05 12:45:11,131 : INFO : test_Education : print 1st two course
2022-12-05 12:47:34,574 : INFO : test_Education : print 1st two course
2022-12-05 12:48:59,060 : INFO : test_Education : print 1st two course
2022-12-05 12:50:39,253 : INFO : test_Education : print 1st two course
2022-12-05 12:55:39,943 : INFO : test_Education : print 1st two course
2022-12-05 12:56:37,868 : INFO : test_Education : print 1st two course
2022-12-05 12:58:35,251 : INFO : test_Education : print 1st two course
2022-12-05 13:02:31,870 : INFO : test_Education : print 1st two course
2022-12-05 13:11:40,669 : INFO : test_Education : print 1st two course
2022-12-05 13:15:27,069 : INFO : test_Education : print 1st two course
2022-12-05 13:16:34,548 : INFO : test_Education : print 1st two course
2022-12-05 13:27:25,848 : INFO : test_Education : print 1st two course
2022-12-05 13:30:32,894 : INFO : test_Education : print 1st two course
2022-12-05 13:56:00,312 : INFO : test_Education : print 1st two course
2022-12-05 13:57:16,704 : INFO : test_Education : print 1st two course
2022-12-05 13:58:35,977 : INFO : test_Education : print 1st two course
2022-12-05 14:01:03,210 : INFO : test_Education : print 1st two course
2022-12-05 17:13:04,885 : INFO : test_Education : print 1st two course
2022-12-05 17:14:56,655 : INFO : test_Education : print 1st two course
2022-12-05 17:16:14,620 : INFO : test_Education : print 1st two course
2022-12-05 17:18:46,845 : INFO : test_Education : print 1st two course
2022-12-05 17:19:46,138 : INFO : test_Education : print 1st two course
2022-12-05 17:21:17,264 : INFO : test_Education : print 1st two course
2022-12-05 17:23:25,985 : INFO : test_Education : print 1st two course
2022-12-05 17:24:27,820 : INFO : test_Education : print 1st two course
2022-12-05 17:25:44,813 : INFO : test_Education : print 1st two course
2022-12-05 17:27:01,491 : INFO : test_Education : print 1st two course
2022-12-05 17:28:17,306 : INFO : test_Education : print 1st two course
2022-12-05 17:29:43,538 : INFO : test_Education : print 1st two course
2022-12-05 17:33:25,300 : INFO : test_Education : print 1st two course
2022-12-05 17:35:27,413 : INFO : test_Education : print 1st two course
2022-12-05 17:36:45,974 : INFO : test_Education : print 1st two course
2022-12-05 17:38:42,371 : INFO : test_Education : print 1st two course
2022-12-05 17:57:54,838 : INFO : test_Education : print 1st two course
2022-12-05 18:10:47,673 : INFO : test_Education : print 1st two course
2022-12-05 18:13:12,214 : INFO : test_Education : print 1st two course
2022-12-05 18:19:48,269 : INFO : test_Education : print 1st two course
2022-12-05 18:22:32,903 : INFO : test_Education : print 1st two course
2022-12-05 18:25:41,883 : INFO : test_Education : print 1st two course
2022-12-05 18:31:26,092 : INFO : test_Education : print 1st two course
2022-12-05 18:33:12,854 : INFO : test_Education : print 1st two course
2022-12-05 18:35:00,509 : INFO : test_Education : print 1st two course
2022-12-05 18:37:34,058 : INFO : test_Education : print 1st two course
2022-12-05 18:39:33,139 : INFO : test_Education : print 1st two course
2022-12-05 18:41:15,248 : INFO : test_Education : print 1st two course
2022-12-05 19:04:30,248 : INFO : test_Education : print 1st two course
2022-12-05 19:08:03,207 : INFO : test_Education : print 1st two course
2022-12-05 19:11:32,621 : INFO : test_Education : print 1st two course
2022-12-05 19:21:52,852 : INFO : test_Education : print 1st two course
2022-12-05 19:23:21,482 : INFO : test_Education : print 1st two course
2022-12-05 19:24:47,685 : INFO : test_Education : print 1st two course
2022-12-05 19:26:17,639 : INFO : test_Education : print 1st two course
2022-12-05 19:32:08,595 : INFO : test_Education : print 1st two course
2022-12-05 19:33:56,546 : INFO : test_Education : print 1st two course
2022-12-05 19:35:03,068 : INFO : test_Education : print 1st two course
2022-12-05 19:38:22,633 : INFO : test_Education : print 1st two course
2022-12-05 19:40:49,794 : INFO : test_Education : print 1st two course
2022-12-05 19:42:17,911 : INFO : test_Education : print 1st two course
2022-12-05 19:47:11,112 : INFO : test_Education : print 1st two course
2022-12-05 19:49:09,193 : INFO : test_Education : print 1st two course
2022-12-05 19:50:26,848 : INFO : test_Education : print 1st two course
2022-12-05 19:51:44,168 : INFO : test_Education : print 1st two course
2022-12-05 19:53:46,935 : INFO : test_Education : print 1st two course
2022-12-05 19:55:12,939 : INFO : test_Education : print 1st two course
2022-12-05 19:57:03,090 : INFO : test_Education : print 1st two course
2022-12-05 20:05:50,016 : INFO : test_Education : print 1st two course
2022-12-05 20:09:12,734 : INFO : test_Education : print 1st two course
2022-12-05 23:46:50,266 : INFO : test_Education : print 1st two course
2022-12-05 23:50:45,750 : INFO : test_Education : print 1st two course
2022-12-05 23:51:39,041 : INFO : test_Education : print 1st two course
2022-12-05 23:55:33,009 : INFO : test_Education : print 1st two course
2022-12-05 23:56:44,848 : INFO : test_Education : print 1st two course
2022-12-05 23:58:40,928 : INFO : test_Education : print 1st two course
2022-12-06 00:00:29,448 : INFO : test_Education : print 1st two course
2022-12-06 00:01:59,886 : INFO : test_Education : print 1st two course
2022-12-06 00:10:07,796 : INFO : test_Education : print 1st two course
2022-12-06 00:46:50,501 : INFO : test_Education : print 1st two course
2022-12-06 00:53:36,026 : INFO : test_Education : print 1st two course
2022-12-06 01:11:05,881 : INFO : test_Education : print 1st two course
2022-12-06 01:14:16,852 : INFO : test_Education : print 1st two course
2022-12-06 01:18:34,618 : INFO : test_Education : print 1st two course
2022-12-06 01:22:26,743 : INFO : test_Education : print 1st two course
2022-12-06 01:28:42,615 : INFO : test_Education : print 1st two course
2022-12-06 01:39:36,273 : INFO : test_Education : print 1st two course
2022-12-06 01:41:43,157 : INFO : test_Education : print 1st two course
2022-12-06 01:46:18,600 : INFO : test_Education : print 1st two course
2022-12-06 01:50:28,010 : INFO : test_Education : print 1st two course
2022-12-06 01:56:53,829 : INFO : test_Education : print 1st two course
2022-12-06 01:57:53,972 : INFO : test_Education : print 1st two course
2022-12-06 02:02:44,504 : INFO : test_Education : print 1st two course
2022-12-06 02:06:45,373 : INFO : test_Education : print 1st two course
2022-12-06 02:12:28,596 : INFO : test_Education : print 1st two course
2022-12-06 10:19:40,962 : INFO : test_Education : print 1st two course
2022-12-06 10:22:07,977 : INFO : test_Education : print 1st two course
2022-12-06 10:23:54,800 : INFO : test_Education : print 1st two course
2022-12-06 10:27:00,802 : INFO : test_Education : print 1st two course
2022-12-06 10:59:56,230 : INFO : test_Education : print 1st two course
2022-12-06 11:21:21,378 : INFO : test_Education : print 1st two course
2022-12-06 11:23:22,677 : INFO : test_Education : print 1st two course
2022-12-06 11:46:48,481 : INFO : test_Education : print 1st two course
2022-12-06 11:56:22,805 : INFO : test_Education : print 1st two course
2022-12-06 12:01:25,074 : INFO : test_Education : print 1st two course
2022-12-06 12:07:31,126 : INFO : test_Education : print 1st two course
2022-12-06 12:10:51,587 : INFO : test_Education : print 1st two course
2022-12-06 12:12:37,509 : INFO : test_Education : print 1st two course
2022-12-06 12:13:47,545 : INFO : test_Education : print 1st two course
2022-12-06 12:17:38,315 : INFO : test_Education : print 1st two course
2022-12-06 12:24:39,802 : INFO : test_Education : print 1st two course
2022-12-06 12:27:28,071 : INFO : test_Education : print 1st two course
2022-12-06 12:35:37,516 : INFO : test_Education : print 1st two course
2022-12-06 13:39:17,843 : INFO : test_Education : print 1st two course
2022-12-17 13:24:58,902 : INFO : test_Education : print 1st two course
2022-12-17 13:44:28,373 : INFO : test_Education : print 1st two course
2023-01-09 15:59:19,344 : INFO : test_Education : print 1st two course
